<?xml version="1.0" encoding="UTF-8"?>
<!-- Generated by org.testng.reporters.JUnitReportReporter -->
<testsuite hostname="Lenovo-PC" name="extent.MySecondAssignment" tests="1" failures="0" timestamp="5 Aug 2018 04:13:11 GMT" time="0.015" errors="0">
  <testcase name="CreateNewMessage" time="0.015" classname="extent.MySecondAssignment"/>
</testsuite> <!-- extent.MySecondAssignment -->
