<?xml version="1.0" encoding="UTF-8"?>
<!-- Generated by org.testng.reporters.JUnitReportReporter -->
<testsuite hostname="Lenovo-PC" name="datadrive.Testcasedriven" tests="6" failures="0" timestamp="10 Aug 2018 17:30:33 GMT" time="41.993" errors="0">
  <testcase name="mainBody" time="6.486" classname="datadrive.Testcasedriven"/>
  <testcase name="mainBody" time="7.371" classname="datadrive.Testcasedriven"/>
  <testcase name="mainBody" time="6.691" classname="datadrive.Testcasedriven"/>
  <testcase name="mainBody" time="7.451" classname="datadrive.Testcasedriven"/>
  <testcase name="mainBody" time="8.176" classname="datadrive.Testcasedriven"/>
  <testcase name="mainBody" time="5.818" classname="datadrive.Testcasedriven"/>
</testsuite> <!-- datadrive.Testcasedriven -->
