<?xml version="1.0" encoding="UTF-8"?>
<!-- Generated by org.testng.reporters.JUnitReportReporter -->
<testsuite hostname="Lenovo-PC" name="testng.vio.h2" tests="2" failures="0" timestamp="26 Jul 2018 02:10:14 GMT" time="2.342" errors="0">
  <testcase name="m1" time="2.244" classname="testng.vio.h2"/>
  <testcase name="m2" time="0.098" classname="testng.vio.h2"/>
</testsuite> <!-- testng.vio.h2 -->
