<?xml version="1.0" encoding="UTF-8"?>
<!-- Generated by org.testng.reporters.JUnitReportReporter -->
<testsuite hostname="Lenovo-PC" name="testng.vio.h1" tests="2" failures="0" timestamp="26 Jul 2018 02:10:14 GMT" time="0.200" errors="0">
  <testcase name="m1" time="0.145" classname="testng.vio.h1"/>
  <testcase name="m2" time="0.055" classname="testng.vio.h1"/>
</testsuite> <!-- testng.vio.h1 -->
